SF:lib/src/models/forecast_response.dart
DA:14,1
DA:20,1
DA:21,1
DA:23,0
LF:4
LH:3
end_of_record
SF:lib/src/models/forecast_response.g.dart
DA:9,1
DA:10,1
DA:11,1
DA:12,2
DA:13,1
DA:14,3
DA:15,1
DA:18,0
DA:19,0
DA:20,0
DA:21,0
DA:22,0
LF:12
LH:7
end_of_record
SF:lib/src/models/search_response.dart
DA:13,1
DA:19,1
DA:20,1
DA:22,0
LF:4
LH:3
end_of_record
SF:lib/src/models/search_response.g.dart
DA:9,1
DA:10,1
DA:11,1
DA:12,1
DA:13,2
DA:14,1
DA:15,3
DA:16,1
DA:19,0
DA:20,0
DA:21,0
DA:22,0
DA:23,0
DA:24,0
LF:14
LH:8
end_of_record
SF:lib/src/models/weather_response.dart
DA:47,1
DA:64,1
DA:65,1
DA:67,0
LF:4
LH:3
end_of_record
SF:lib/src/models/weather_response.g.dart
DA:13,0
DA:15,0
DA:16,0
DA:17,0
DA:19,0
DA:20,0
DA:21,0
DA:22,0
DA:23,0
DA:24,0
DA:25,0
DA:26,0
DA:27,0
DA:28,0
DA:29,0
DA:30,0
DA:31,0
DA:32,0
DA:33,0
DA:37,0
DA:40,0
DA:41,0
DA:42,0
DA:43,0
DA:44,0
DA:45,0
DA:46,0
DA:47,0
DA:48,0
DA:49,0
DA:50,0
DA:51,0
DA:52,0
DA:53,0
DA:54,0
DA:55,0
DA:56,0
DA:57,0
DA:58,0
DA:59,0
DA:60,0
DA:61,0
DA:62,0
DA:63,0
DA:64,0
DA:65,0
DA:66,0
DA:67,0
DA:68,0
DA:71,0
DA:72,0
DA:74,0
DA:77,0
DA:78,0
DA:79,0
DA:86,1
DA:87,1
DA:88,1
DA:89,3
DA:90,1
DA:91,1
DA:92,2
DA:93,2
DA:94,2
DA:95,2
DA:96,2
DA:97,2
DA:98,2
DA:99,2
DA:100,1
DA:101,2
DA:102,1
DA:103,1
DA:105,2
DA:108,0
DA:109,0
DA:110,0
DA:111,0
DA:112,0
DA:113,0
DA:114,0
DA:115,0
DA:116,0
DA:117,0
DA:118,0
DA:119,0
DA:120,0
DA:121,0
DA:122,0
DA:123,0
LF:90
LH:19
end_of_record
SF:lib/src/open_weather_api_client.dart
DA:19,1
DA:28,1
DA:31,2
DA:32,3
DA:33,1
DA:36,1
DA:41,2
DA:42,2
DA:44,1
DA:48,1
DA:51,2
DA:52,3
DA:53,1
DA:56,1
DA:61,2
DA:62,2
DA:64,1
DA:68,1
DA:70,5
DA:71,2
DA:73,2
DA:74,3
DA:75,1
DA:77,2
DA:80,1
LF:25
LH:25
end_of_record
SF:lib/src/models/city.dart
DA:26,0
DA:36,0
DA:38,0
LF:3
LH:0
end_of_record
SF:lib/src/models/city.g.dart
DA:13,0
DA:15,0
DA:16,0
DA:17,0
DA:19,0
DA:20,0
DA:21,0
DA:22,0
DA:23,0
DA:24,0
DA:25,0
DA:26,0
DA:27,0
DA:31,0
DA:34,0
DA:35,0
DA:36,0
DA:37,0
DA:38,0
DA:39,0
DA:40,0
DA:41,0
DA:42,0
DA:43,0
DA:44,0
DA:45,0
DA:46,0
DA:47,0
DA:48,0
DA:49,0
DA:50,0
DA:53,0
DA:54,0
DA:56,0
DA:59,0
DA:60,0
DA:61,0
DA:68,0
DA:69,0
DA:70,0
DA:71,0
DA:72,0
DA:73,0
DA:74,0
DA:75,0
DA:76,0
DA:79,0
DA:80,0
DA:81,0
DA:82,0
DA:83,0
DA:84,0
DA:85,0
DA:86,0
DA:87,0
LF:55
LH:0
end_of_record
SF:lib/src/models/clouds.dart
DA:12,1
DA:14,2
DA:16,0
LF:3
LH:2
end_of_record
SF:lib/src/models/clouds.g.dart
DA:13,0
DA:15,0
DA:16,0
DA:17,0
DA:19,0
DA:20,0
DA:24,0
DA:27,0
DA:28,0
DA:29,0
DA:32,0
DA:33,0
DA:35,0
DA:38,0
DA:39,0
DA:40,0
DA:47,2
DA:48,2
DA:51,0
DA:52,0
LF:20
LH:2
end_of_record
SF:lib/src/models/coord.g.dart
DA:13,0
DA:15,0
DA:16,0
DA:17,0
DA:19,0
DA:20,0
DA:21,0
DA:25,0
DA:28,0
DA:29,0
DA:30,0
DA:31,0
DA:32,0
DA:35,0
DA:36,0
DA:38,0
DA:41,0
DA:42,0
DA:43,0
DA:50,2
DA:51,2
DA:52,2
DA:55,0
DA:56,0
DA:57,0
LF:25
LH:3
end_of_record
SF:lib/src/models/coord.dart
DA:13,1
DA:15,2
DA:17,0
LF:3
LH:2
end_of_record
SF:lib/src/models/forecast.dart
DA:19,0
DA:27,0
DA:28,0
LF:3
LH:0
end_of_record
SF:lib/src/models/forecast.g.dart
DA:13,0
DA:15,0
DA:16,0
DA:17,0
DA:19,0
DA:20,0
DA:21,0
DA:22,0
DA:23,0
DA:24,0
DA:28,0
DA:31,0
DA:32,0
DA:33,0
DA:34,0
DA:35,0
DA:36,0
DA:37,0
DA:38,0
DA:39,0
DA:40,0
DA:41,0
DA:44,0
DA:45,0
DA:47,0
DA:50,0
DA:51,0
DA:52,0
LF:28
LH:0
end_of_record
SF:lib/src/models/main.dart
DA:38,1
DA:49,2
DA:51,0
LF:3
LH:2
end_of_record
SF:lib/src/models/main.g.dart
DA:13,0
DA:15,0
DA:16,0
DA:17,0
DA:19,0
DA:20,0
DA:21,0
DA:22,0
DA:23,0
DA:24,0
DA:25,0
DA:26,0
DA:27,0
DA:31,0
DA:34,0
DA:35,0
DA:36,0
DA:37,0
DA:38,0
DA:39,0
DA:40,0
DA:41,0
DA:42,0
DA:43,0
DA:44,0
DA:45,0
DA:46,0
DA:47,0
DA:48,0
DA:49,0
DA:50,0
DA:53,0
DA:54,0
DA:56,0
DA:59,0
DA:60,0
DA:61,0
DA:68,2
DA:69,2
DA:70,2
DA:71,2
DA:72,2
DA:73,2
DA:74,2
DA:75,2
DA:76,2
DA:79,0
DA:80,0
DA:81,0
DA:82,0
DA:83,0
DA:84,0
DA:85,0
DA:86,0
DA:87,0
LF:55
LH:9
end_of_record
SF:lib/src/models/weather.dart
DA:18,1
DA:23,2
DA:25,0
LF:3
LH:2
end_of_record
SF:lib/src/models/weather.g.dart
DA:13,0
DA:15,0
DA:16,0
DA:17,0
DA:19,0
DA:20,0
DA:21,0
DA:22,0
DA:23,0
DA:27,0
DA:30,0
DA:31,0
DA:32,0
DA:33,0
DA:34,0
DA:35,0
DA:36,0
DA:37,0
DA:38,0
DA:41,0
DA:42,0
DA:44,0
DA:47,0
DA:48,0
DA:49,0
DA:56,2
DA:57,2
DA:58,1
DA:59,1
DA:60,1
DA:63,0
DA:64,0
DA:65,0
DA:66,0
DA:67,0
LF:35
LH:5
end_of_record
SF:lib/src/models/wind.g.dart
DA:13,0
DA:15,0
DA:16,0
DA:17,0
DA:19,0
DA:20,0
DA:21,0
DA:22,0
DA:26,0
DA:29,0
DA:30,0
DA:31,0
DA:32,0
DA:33,0
DA:34,0
DA:35,0
DA:38,0
DA:39,0
DA:41,0
DA:44,0
DA:45,0
DA:46,0
DA:53,2
DA:54,2
DA:55,2
DA:56,2
DA:59,0
DA:60,0
DA:61,0
DA:62,0
LF:30
LH:4
end_of_record
SF:lib/src/models/wind.dart
DA:15,1
DA:17,2
DA:19,0
LF:3
LH:2
end_of_record
SF:lib/src/models/sys.dart
DA:21,1
DA:30,2
DA:32,0
LF:3
LH:2
end_of_record
SF:lib/src/models/sys.g.dart
DA:13,0
DA:15,0
DA:16,0
DA:17,0
DA:19,0
DA:20,0
DA:21,0
DA:22,0
DA:23,0
DA:24,0
DA:25,0
DA:29,0
DA:32,0
DA:33,0
DA:34,0
DA:35,0
DA:36,0
DA:37,0
DA:38,0
DA:39,0
DA:40,0
DA:41,0
DA:42,0
DA:43,0
DA:44,0
DA:47,0
DA:48,0
DA:50,0
DA:53,0
DA:54,0
DA:55,0
DA:62,2
DA:63,2
DA:64,2
DA:65,1
DA:66,2
DA:67,2
DA:68,1
DA:71,0
DA:72,0
DA:73,0
DA:74,0
DA:75,0
DA:76,0
DA:77,0
LF:45
LH:7
end_of_record
SF:lib/src/models/search_model_response.dart
DA:18,1
DA:27,1
DA:28,1
DA:30,0
LF:4
LH:3
end_of_record
SF:lib/src/models/search_model_response.g.dart
DA:9,1
DA:10,1
DA:11,2
DA:12,1
DA:13,2
DA:14,2
DA:15,1
DA:16,3
DA:17,1
DA:18,2
DA:21,0
DA:23,0
DA:24,0
DA:25,0
DA:26,0
DA:27,0
DA:28,0
DA:29,0
LF:18
LH:10
end_of_record
