SF:lib/src/models/forecast_response.dart
DA:14,1
DA:20,1
DA:21,1
DA:23,0
LF:4
LH:3
end_of_record
SF:lib/src/models/forecast_response.g.dart
DA:9,1
DA:10,1
DA:11,1
DA:12,2
DA:13,1
DA:14,3
DA:15,1
DA:18,0
DA:19,0
DA:20,0
DA:21,0
DA:22,0
LF:12
LH:7
end_of_record
SF:lib/src/models/search_response.dart
DA:13,1
DA:19,1
DA:20,1
DA:22,0
LF:4
LH:3
end_of_record
SF:lib/src/models/search_response.g.dart
DA:9,1
DA:10,1
DA:11,1
DA:12,1
DA:13,2
DA:14,1
DA:15,3
DA:16,1
DA:19,0
DA:20,0
DA:21,0
DA:22,0
DA:23,0
DA:24,0
LF:14
LH:8
end_of_record
SF:lib/src/models/weather_response.dart
DA:31,1
DA:48,1
DA:49,1
DA:51,0
LF:4
LH:3
end_of_record
SF:lib/src/models/weather_response.g.dart
DA:9,1
DA:10,1
DA:11,1
DA:12,3
DA:13,1
DA:14,1
DA:15,2
DA:16,2
DA:17,2
DA:18,2
DA:19,2
DA:20,2
DA:21,2
DA:22,2
DA:23,1
DA:24,2
DA:25,1
DA:26,1
DA:28,2
DA:31,0
DA:32,0
DA:33,0
DA:34,0
DA:35,0
DA:36,0
DA:37,0
DA:38,0
DA:39,0
DA:40,0
DA:41,0
DA:42,0
DA:43,0
DA:44,0
DA:45,0
DA:46,0
LF:35
LH:19
end_of_record
SF:lib/src/open_weather_api_client.dart
DA:11,1
DA:20,1
DA:22,2
DA:23,3
DA:24,1
DA:27,1
DA:32,2
DA:33,2
DA:35,1
DA:39,1
DA:41,2
DA:42,3
DA:43,1
DA:46,1
DA:51,2
DA:52,2
DA:54,1
DA:58,1
DA:59,5
DA:60,2
DA:62,2
DA:63,3
DA:64,1
DA:66,2
DA:69,1
LF:25
LH:25
end_of_record
SF:lib/src/models/clouds.dart
DA:9,1
DA:11,2
DA:13,0
LF:3
LH:2
end_of_record
SF:lib/src/models/clouds.g.dart
DA:9,2
DA:10,2
DA:13,0
DA:14,0
LF:4
LH:2
end_of_record
SF:lib/src/models/coord.dart
DA:10,1
DA:12,2
DA:14,0
LF:3
LH:2
end_of_record
SF:lib/src/models/coord.g.dart
DA:9,2
DA:10,2
DA:11,2
DA:14,0
DA:15,0
DA:16,0
LF:6
LH:3
end_of_record
SF:lib/src/models/forecast.dart
DA:10,0
DA:18,0
DA:19,0
LF:3
LH:0
end_of_record
SF:lib/src/models/main.dart
DA:21,1
DA:32,2
DA:34,0
LF:3
LH:2
end_of_record
SF:lib/src/models/main.g.dart
DA:9,2
DA:10,2
DA:11,2
DA:12,2
DA:13,2
DA:14,2
DA:15,2
DA:16,2
DA:17,2
DA:20,0
DA:21,0
DA:22,0
DA:23,0
DA:24,0
DA:25,0
DA:26,0
DA:27,0
DA:28,0
LF:18
LH:9
end_of_record
SF:lib/src/models/weather.dart
DA:12,1
DA:17,2
DA:19,0
LF:3
LH:2
end_of_record
SF:lib/src/models/weather.g.dart
DA:9,2
DA:10,2
DA:11,1
DA:12,1
DA:13,1
DA:16,0
DA:17,0
DA:18,0
DA:19,0
DA:20,0
LF:10
LH:5
end_of_record
SF:lib/src/models/search_model_response.dart
DA:18,1
DA:27,1
DA:28,1
DA:30,0
LF:4
LH:3
end_of_record
SF:lib/src/models/search_model_response.g.dart
DA:9,1
DA:10,1
DA:11,2
DA:12,1
DA:13,2
DA:14,2
DA:15,1
DA:16,3
DA:17,1
DA:18,2
DA:21,0
DA:23,0
DA:24,0
DA:25,0
DA:26,0
DA:27,0
DA:28,0
DA:29,0
LF:18
LH:10
end_of_record
SF:lib/src/models/sys.dart
DA:14,1
DA:23,2
DA:25,0
LF:3
LH:2
end_of_record
SF:lib/src/models/sys.g.dart
DA:9,2
DA:10,2
DA:11,2
DA:12,1
DA:13,2
DA:14,2
DA:15,1
DA:18,0
DA:19,0
DA:20,0
DA:21,0
DA:22,0
DA:23,0
DA:24,0
LF:14
LH:7
end_of_record
SF:lib/src/models/wind.dart
DA:11,1
DA:13,2
DA:15,0
LF:3
LH:2
end_of_record
SF:lib/src/models/wind.g.dart
DA:9,2
DA:10,2
DA:11,2
DA:12,2
DA:15,0
DA:16,0
DA:17,0
DA:18,0
LF:8
LH:4
end_of_record
